<?xml version="1.0" encoding="UTF-8"?>
<testng-results ignored="0" total="1" passed="1" failed="0" skipped="0">
  <reporter-output>
  </reporter-output>
  <suite started-at="2024-06-28T11:41:55 IST" name="Default suite" finished-at="2024-06-28T11:43:26 IST" duration-ms="91456">
    <groups>
    </groups>
    <test started-at="2024-06-28T11:41:55 IST" name="Default test" finished-at="2024-06-28T11:43:26 IST" duration-ms="91456">
      <class name="DigitalLibrary.AddEbook">
        <test-method is-config="true" signature="logintest()[pri:0, instance:DigitalLibrary.AddEbook@2d52216b]" started-at="2024-06-28T11:41:55 IST" name="logintest" finished-at="2024-06-28T11:42:27 IST" duration-ms="32531" status="PASS">
          <reporter-output>
          </reporter-output>
        </test-method> <!-- logintest -->
        <test-method signature="test()[pri:0, instance:DigitalLibrary.AddEbook@2d52216b]" started-at="2024-06-28T11:42:27 IST" name="test" finished-at="2024-06-28T11:43:26 IST" duration-ms="58861" status="PASS">
          <reporter-output>
          </reporter-output>
        </test-method> <!-- test -->
      </class> <!-- DigitalLibrary.AddEbook -->
    </test> <!-- Default test -->
  </suite> <!-- Default suite -->
</testng-results>
